RUN --- 1 [DEBUG](tests/string_algos_tests.c) SCANNER COUNT: 222442800, 
END TIME: 2, OPS: 111221400.000000 [DEBUG](tests/string_algos_tests.c) 
FIND COUNT: 35211000, END TIME: 2, OPS: 17605500.000000 
[DEBUG](tests/string_algos_tests.c) BINSTR COUNT: 143355400, END TIME: 
2, OPS: 71677700.000000 RUN --- 2 [DEBUG](tests/string_algos_tests.c) 
SCANNER COUNT: 406027600, END TIME: 2, OPS: 203013800.000000 im 
times.log[DEBUG](tests/string_algos_tests.c) FIND COUNT: 35131400, END 
TIME: 2, OPS: 17565700.000000 [DEBUG](tests/string_algos_tests.c) BINSTR 
COUNT: 144220600, END TIME: 2, OPS: 72110300.000000 RUN --- 3 
[DEBUG](tests/string_algos_tests.c) SCANNER COUNT: 401003200, END TIME: 
2, OPS: 200501600.000000 [DEBUG](tests/string_algos_tests.c) FIND COUNT: 
34977200, END TIME: 2, OPS: 17488600.000000 
[DEBUG](tests/string_algos_tests.c) BINSTR COUNT: 143875800, END TIME: 
2, OPS: 71937900.000000 RUN --- 4 [DEBUG](tests/string_algos_tests.c) 
SCANNER COUNT: 384678000, END TIME: 2, OPS: 192339000.000000 
[DEBUG](tests/string_algos_tests.c) FIND COUNT: 34353100, END TIME: 2, 
OPS: 17176550.000000 [DEBUG](tests/string_algos_tests.c) BINSTR COUNT: 
137812900, END TIME: 2, OPS: 68906450.000000 RUN --- 5 
[DEBUG](tests/string_algos_tests.c) SCANNER COUNT: 395636800, END TIME: 
2, OPS: 197818400.000000 [DEBUG](tests/string_algos_tests.c) FIND COUNT: 
35114000, END TIME: 2, OPS: 17557000.000000 
[DEBUG](tests/string_algos_tests.c) BINSTR COUNT: 139267900, END TIME: 
2, OPS: 69633950.000000 RUN --- 6 [DEBUG](tests/string_algos_tests.c) 
SCANNER COUNT: 378267600, END TIME: 2, OPS: 189133800.000000 
[DEBUG](tests/string_algos_tests.c) FIND COUNT: 34981100, END TIME: 2, 
OPS: 17490550.000000 [DEBUG](tests/string_algos_tests.c) BINSTR COUNT: 
136265900, END TIME: 2, OPS: 68132950.000000 RUN --- 7 
[DEBUG](tests/string_algos_tests.c) SCANNER COUNT: 392017200, END TIME: 
2, OPS: 196008600.000000 [DEBUG](tests/string_algos_tests.c) FIND COUNT: 
36276000, END TIME: 2, OPS: 18138000.000000 
[DEBUG](tests/string_algos_tests.c) BINSTR COUNT: 144392800, END TIME: 
2, OPS: 72196400.000000 RUN --- 8 [DEBUG](tests/string_algos_tests.c) 
SCANNER COUNT: 377769600, END TIME: 2, OPS: 188884800.000000 
[DEBUG](tests/string_algos_tests.c) FIND COUNT: 35115700, END TIME: 2, 
OPS: 17557850.000000 [DEBUG](tests/string_algos_tests.c) BINSTR COUNT: 
137713600, END TIME: 2, OPS: 68856800.000000 RUN --- 9 
[DEBUG](tests/string_algos_tests.c) SCANNER COUNT: 392131600, END TIME: 
2, OPS: 196065800.000000 [DEBUG](tests/string_algos_tests.c) FIND COUNT: 
36318200, END TIME: 2, OPS: 18159100.000000 
[DEBUG](tests/string_algos_tests.c) BINSTR COUNT: 144238200, END TIME: 
2, OPS: 72119100.000000 RUN --- 10 [DEBUG](tests/string_algos_tests.c) 
SCANNER COUNT: 392524400, END TIME: 2, OPS: 196262200.000000 
[DEBUG](tests/string_algos_tests.c) FIND COUNT: 34896400, END TIME: 2, 
OPS: 17448200.000000 [DEBUG](tests/string_algos_tests.c) BINSTR COUNT: 
140737400, END TIME: 2, OPS: 70368700.000000

